<?xml version="1.0" encoding="UTF-8"?>
<!-- Generated by org.testng.reporters.JUnitXMLReporter -->
<testsuite ignored="2" hostname="DESKTOP-I5MV7FE" failures="0" tests="1" name="Default test" time="19.042" errors="0" timestamp="٢٠٢٥-٠٤-٢١T٢٠:٣٠:١٨ غرينتش+٠٣:٠٠">
  <testcase classname="codenboxautomationlab1.codenboxautomationlab1.AppTest" name="selectRandom" time="2.55"/>
  <testcase classname="codenboxautomationlab1.codenboxautomationlab1.AppTest" name="RadioButton" time="0.0">
    <ignored/>
  </testcase> <!-- RadioButton -->
  <testcase classname="codenboxautomationlab1.codenboxautomationlab1.AppTest" name="Dynamic_Dropdown" time="0.0">
    <ignored/>
  </testcase> <!-- Dynamic_Dropdown -->
</testsuite> <!-- Default test -->
