<?xml version="1.0" encoding="UTF-8"?>
<testng-results ignored="2" total="3" passed="1" failed="0" skipped="0">
  <reporter-output>
  </reporter-output>
  <suite started-at="٢٠٢٥-٠٤-٢١T٢٠:٢٩:٥٨ غرينتش+٠٣:٠٠" name="Default suite" finished-at="٢٠٢٥-٠٤-٢١T٢٠:٣٠:١٧ غرينتش+٠٣:٠٠" duration-ms="19042">
    <groups>
    </groups>
    <test started-at="٢٠٢٥-٠٤-٢١T٢٠:٢٩:٥٨ غرينتش+٠٣:٠٠" name="Default test" finished-at="٢٠٢٥-٠٤-٢١T٢٠:٣٠:١٧ غرينتش+٠٣:٠٠" duration-ms="19042">
      <class name="codenboxautomationlab1.codenboxautomationlab1.AppTest">
        <test-method is-config="true" signature="mySetup()[pri:0, instance:codenboxautomationlab1.codenboxautomationlab1.AppTest@366c4480]" started-at="٢٠٢٥-٠٤-٢١T٢٠:٢٩:٥٨ غرينتش+٠٣:٠٠" name="mySetup" finished-at="٢٠٢٥-٠٤-٢١T٢٠:٣٠:١٥ غرينتش+٠٣:٠٠" duration-ms="16278" status="PASS">
          <reporter-output>
          </reporter-output>
        </test-method> <!-- mySetup -->
        <test-method signature="selectRandom()[pri:3, instance:codenboxautomationlab1.codenboxautomationlab1.AppTest@366c4480]" started-at="٢٠٢٥-٠٤-٢١T٢٠:٣٠:١٥ غرينتش+٠٣:٠٠" name="selectRandom" finished-at="٢٠٢٥-٠٤-٢١T٢٠:٣٠:١٧ غرينتش+٠٣:٠٠" duration-ms="2550" status="PASS">
          <reporter-output>
          </reporter-output>
        </test-method> <!-- selectRandom -->
      </class> <!-- codenboxautomationlab1.codenboxautomationlab1.AppTest -->
    </test> <!-- Default test -->
  </suite> <!-- Default suite -->
</testng-results>
